2013/11/19 22:41:52 [error] [exception.CHttpException.404] exception 'CHttpException' with message 'The system is unable to find the requested action "design".' in D:\xampp\htdocs\chapygroup\trunk\ChapyCard\Code\framework\web\CController.php:483
Stack trace:
#0 D:\xampp\htdocs\chapygroup\trunk\ChapyCard\Code\framework\web\CController.php(270): CController->missingAction('design')
#1 D:\xampp\htdocs\chapygroup\trunk\ChapyCard\Code\framework\web\CWebApplication.php(282): CController->run('design')
#2 D:\xampp\htdocs\chapygroup\trunk\ChapyCard\Code\framework\web\CWebApplication.php(141): CWebApplication->runController('site/design')
#3 D:\xampp\htdocs\chapygroup\trunk\ChapyCard\Code\framework\base\CApplication.php(180): CWebApplication->processRequest()
#4 D:\xampp\htdocs\chapygroup\trunk\ChapyCard\Code\chapycard\index.php(13): CApplication->run()
#5 {main}
REQUEST_URI=/chapygroup/trunk/ChapyCard/Code/chapycard/index.php/site/design
HTTP_REFERER=http://localhost/chapygroup/trunk/ChapyCard/Code/chapycard/index.php
---
2013/11/19 22:42:05 [error] [exception.CHttpException.404] exception 'CHttpException' with message 'The system is unable to find the requested action "design".' in D:\xampp\htdocs\chapygroup\trunk\ChapyCard\Code\framework\web\CController.php:483
Stack trace:
#0 D:\xampp\htdocs\chapygroup\trunk\ChapyCard\Code\framework\web\CController.php(270): CController->missingAction('design')
#1 D:\xampp\htdocs\chapygroup\trunk\ChapyCard\Code\framework\web\CWebApplication.php(282): CController->run('design')
#2 D:\xampp\htdocs\chapygroup\trunk\ChapyCard\Code\framework\web\CWebApplication.php(141): CWebApplication->runController('site/design')
#3 D:\xampp\htdocs\chapygroup\trunk\ChapyCard\Code\framework\base\CApplication.php(180): CWebApplication->processRequest()
#4 D:\xampp\htdocs\chapygroup\trunk\ChapyCard\Code\chapycard\index.php(13): CApplication->run()
#5 {main}
REQUEST_URI=/chapygroup/trunk/ChapyCard/Code/chapycard/index.php/site/design
HTTP_REFERER=http://localhost/chapygroup/trunk/ChapyCard/Code/chapycard/index.php/site/contact
---
2013/11/19 22:43:11 [error] [exception.CHttpException.404] exception 'CHttpException' with message 'The system is unable to find the requested action "design".' in D:\xampp\htdocs\chapygroup\trunk\ChapyCard\Code\framework\web\CController.php:483
Stack trace:
#0 D:\xampp\htdocs\chapygroup\trunk\ChapyCard\Code\framework\web\CController.php(270): CController->missingAction('design')
#1 D:\xampp\htdocs\chapygroup\trunk\ChapyCard\Code\framework\web\CWebApplication.php(282): CController->run('design')
#2 D:\xampp\htdocs\chapygroup\trunk\ChapyCard\Code\framework\web\CWebApplication.php(141): CWebApplication->runController('site/design')
#3 D:\xampp\htdocs\chapygroup\trunk\ChapyCard\Code\framework\base\CApplication.php(180): CWebApplication->processRequest()
#4 D:\xampp\htdocs\chapygroup\trunk\ChapyCard\Code\chapycard\index.php(13): CApplication->run()
#5 {main}
REQUEST_URI=/chapygroup/trunk/ChapyCard/Code/chapycard/index.php/site/design
---
2013/11/19 22:43:15 [error] [exception.CHttpException.404] exception 'CHttpException' with message 'The system is unable to find the requested action "design".' in D:\xampp\htdocs\chapygroup\trunk\ChapyCard\Code\framework\web\CController.php:483
Stack trace:
#0 D:\xampp\htdocs\chapygroup\trunk\ChapyCard\Code\framework\web\CController.php(270): CController->missingAction('design')
#1 D:\xampp\htdocs\chapygroup\trunk\ChapyCard\Code\framework\web\CWebApplication.php(282): CController->run('design')
#2 D:\xampp\htdocs\chapygroup\trunk\ChapyCard\Code\framework\web\CWebApplication.php(141): CWebApplication->runController('site/design')
#3 D:\xampp\htdocs\chapygroup\trunk\ChapyCard\Code\framework\base\CApplication.php(180): CWebApplication->processRequest()
#4 D:\xampp\htdocs\chapygroup\trunk\ChapyCard\Code\chapycard\index.php(13): CApplication->run()
#5 {main}
REQUEST_URI=/chapygroup/trunk/ChapyCard/Code/chapycard/index.php/site/design
HTTP_REFERER=http://localhost/chapygroup/trunk/ChapyCard/Code/chapycard/index.php/site/index
---
2013/11/19 22:47:20 [error] [exception.CHttpException.404] exception 'CHttpException' with message 'The system is unable to find the requested action "design".' in D:\xampp\htdocs\chapygroup\trunk\ChapyCard\Code\framework\web\CController.php:483
Stack trace:
#0 D:\xampp\htdocs\chapygroup\trunk\ChapyCard\Code\framework\web\CController.php(270): CController->missingAction('design')
#1 D:\xampp\htdocs\chapygroup\trunk\ChapyCard\Code\framework\web\CWebApplication.php(282): CController->run('design')
#2 D:\xampp\htdocs\chapygroup\trunk\ChapyCard\Code\framework\web\CWebApplication.php(141): CWebApplication->runController('site/design')
#3 D:\xampp\htdocs\chapygroup\trunk\ChapyCard\Code\framework\base\CApplication.php(180): CWebApplication->processRequest()
#4 D:\xampp\htdocs\chapygroup\trunk\ChapyCard\Code\chapycard\index.php(13): CApplication->run()
#5 {main}
REQUEST_URI=/chapygroup/trunk/ChapyCard/Code/chapycard/index.php/site/design
---
2013/11/19 22:47:41 [error] [exception.CHttpException.404] exception 'CHttpException' with message 'The system is unable to find the requested action "design".' in D:\xampp\htdocs\chapygroup\trunk\ChapyCard\Code\framework\web\CController.php:483
Stack trace:
#0 D:\xampp\htdocs\chapygroup\trunk\ChapyCard\Code\framework\web\CController.php(270): CController->missingAction('design')
#1 D:\xampp\htdocs\chapygroup\trunk\ChapyCard\Code\framework\web\CWebApplication.php(282): CController->run('design')
#2 D:\xampp\htdocs\chapygroup\trunk\ChapyCard\Code\framework\web\CWebApplication.php(141): CWebApplication->runController('site/design')
#3 D:\xampp\htdocs\chapygroup\trunk\ChapyCard\Code\framework\base\CApplication.php(180): CWebApplication->processRequest()
#4 D:\xampp\htdocs\chapygroup\trunk\ChapyCard\Code\chapycard\index.php(13): CApplication->run()
#5 {main}
REQUEST_URI=/chapygroup/trunk/ChapyCard/Code/chapycard/index.php/site/design
HTTP_REFERER=http://localhost/chapygroup/trunk/ChapyCard/Code/chapycard/index.php/site/page?view=about2
---
2013/11/19 23:16:43 [error] [exception.CHttpException.404] exception 'CHttpException' with message 'The requested view "about2" was not found.' in D:\xampp\htdocs\chapygroup\trunk\ChapyCard\Code\framework\web\actions\CViewAction.php:112
Stack trace:
#0 D:\xampp\htdocs\chapygroup\trunk\ChapyCard\Code\framework\web\actions\CViewAction.php(123): CViewAction->resolveView('about2')
#1 D:\xampp\htdocs\chapygroup\trunk\ChapyCard\Code\framework\web\actions\CAction.php(76): CViewAction->run()
#2 D:\xampp\htdocs\chapygroup\trunk\ChapyCard\Code\framework\web\CController.php(308): CAction->runWithParams(Array)
#3 D:\xampp\htdocs\chapygroup\trunk\ChapyCard\Code\framework\web\CController.php(286): CController->runAction(Object(CViewAction))
#4 D:\xampp\htdocs\chapygroup\trunk\ChapyCard\Code\framework\web\CController.php(265): CController->runActionWithFilters(Object(CViewAction), Array)
#5 D:\xampp\htdocs\chapygroup\trunk\ChapyCard\Code\framework\web\CWebApplication.php(282): CController->run('page')
#6 D:\xampp\htdocs\chapygroup\trunk\ChapyCard\Code\framework\web\CWebApplication.php(141): CWebApplication->runController('site/page')
#7 D:\xampp\htdocs\chapygroup\trunk\ChapyCard\Code\framework\base\CApplication.php(180): CWebApplication->processRequest()
#8 D:\xampp\htdocs\chapygroup\trunk\ChapyCard\Code\chapycard\index.php(13): CApplication->run()
#9 {main}
REQUEST_URI=/chapygroup/trunk/ChapyCard/Code/chapycard/index.php/site/page?view=about2
HTTP_REFERER=http://localhost/chapygroup/trunk/ChapyCard/Code/chapycard/index.php/site/design
---
